<?xml version="1.0" encoding="UTF-8"?>
<!-- Generated by org.testng.reporters.JUnitReportReporter -->
<testsuite skipped="1" hostname="sureifyadmin-Latitude-3400" name="tests.MainTestRunner" tests="2" failures="0" timestamp="2020-08-07T11:58:33 IST" time="0.001" errors="0">
  <testcase name="test2" time="0.001" classname="tests.MainTestRunner"/>
  <system-out/>
  <testcase name="test" classname="tests.MainTestRunner">
    <skipped/>
  </testcase> <!-- test -->
  <system-out/>
</testsuite> <!-- tests.MainTestRunner -->
