<?xml version="1.0" encoding="UTF-8"?>
<!-- Generated by org.testng.reporters.JUnitReportReporter -->
<testsuite skipped="1" hostname="sureifyadmin-Latitude-3400" name="tests.RegressionTestRunner" tests="2" failures="0" timestamp="2020-09-21T15:37:09 IST" time="154.991" errors="0">
  <testcase name="REG_Quility_0002" time="154.991" classname="tests.RegressionTestRunner"/>
  <system-out/>
  <testcase name="REG_Quility_0001" classname="tests.RegressionTestRunner">
    <skipped/>
  </testcase> <!-- REG_Quility_0001 -->
  <system-out/>
</testsuite> <!-- tests.RegressionTestRunner -->
