<?xml version="1.0" encoding="UTF-8"?>
<!-- Generated by org.testng.reporters.JUnitReportReporter -->
<testsuite skipped="0" hostname="sureifyadmin-Latitude-3400" name="tests.TC103TestRunner" tests="3" failures="0" timestamp="2020-09-04T20:19:12 IST" time="22.481" errors="0">
  <testcase name="TC_103_0009" time="4.812" classname="tests.TC103TestRunner"/>
  <system-out/>
  <testcase name="TC_103_0013" time="5.566" classname="tests.TC103TestRunner"/>
  <system-out/>
  <testcase name="TC_103_0007" time="12.103" classname="tests.TC103TestRunner"/>
  <system-out/>
</testsuite> <!-- tests.TC103TestRunner -->
