<?xml version="1.0" encoding="UTF-8"?>
<!-- Generated by org.testng.reporters.JUnitReportReporter -->
<testsuite skipped="5" hostname="sureifyadmin-Latitude-3400" name="tests.KeyValuePairTestRunner" tests="6" failures="0" timestamp="2020-09-16T19:32:15 IST" time="25.771" errors="0">
  <testcase name="TC_103_PROD" time="25.771" classname="tests.KeyValuePairTestRunner"/>
  <system-out/>
  <testcase name="TC_103_0001" classname="tests.KeyValuePairTestRunner">
    <skipped/>
  </testcase> <!-- TC_103_0001 -->
  <system-out/>
  <testcase name="TC_103_0005" classname="tests.KeyValuePairTestRunner">
    <skipped/>
  </testcase> <!-- TC_103_0005 -->
  <system-out/>
  <testcase name="TC_103_0004" classname="tests.KeyValuePairTestRunner">
    <skipped/>
  </testcase> <!-- TC_103_0004 -->
  <system-out/>
  <testcase name="TC_103_0003" classname="tests.KeyValuePairTestRunner">
    <skipped/>
  </testcase> <!-- TC_103_0003 -->
  <system-out/>
  <testcase name="TC_103_0002" classname="tests.KeyValuePairTestRunner">
    <skipped/>
  </testcase> <!-- TC_103_0002 -->
  <system-out/>
</testsuite> <!-- tests.KeyValuePairTestRunner -->
