<?xml version="1.0" encoding="UTF-8"?>
<!-- Generated by org.testng.reporters.JUnitReportReporter -->
<testsuite skipped="0" hostname="sureifyadmin-Latitude-3400" name="tests.TelephonicTestRunner" tests="1" failures="0" timestamp="2020-09-03T17:57:36 IST" time="34.899" errors="0">
  <testcase name="REG_Quility_0001" time="34.899" classname="tests.TelephonicTestRunner"/>
  <system-out/>
</testsuite> <!-- tests.TelephonicTestRunner -->
