<?xml version="1.0" encoding="UTF-8"?>
<!-- Generated by org.testng.reporters.JUnitReportReporter -->
<testsuite skipped="0" hostname="sureifyadmin-Latitude-3400" name="tests.KnockOutTestRunner" tests="1" failures="0" timestamp="2020-09-08T15:37:27 IST" time="10.671" errors="0">
  <testcase name="REG_Quility_0001" time="10.671" classname="tests.KnockOutTestRunner"/>
  <system-out/>
</testsuite> <!-- tests.KnockOutTestRunner -->
