<?xml version="1.0" encoding="UTF-8"?>
<!-- Generated by org.testng.reporters.JUnitReportReporter -->
<testsuite skipped="0" hostname="sureifyadmin-Latitude-3400" name="tests.FooterTestRunner" tests="1" failures="0" timestamp="2020-08-07T13:30:15 IST" time="287.269" errors="0">
  <testcase name="footerTest" time="287.269" classname="tests.FooterTestRunner"/>
  <system-out/>
</testsuite> <!-- tests.FooterTestRunner -->
